# JRE version: OpenJDK Runtime Environment (17.0.9+9) (build 17.0.9+9-Ubuntu-122.04)
# Java VM: OpenJDK 64-Bit Server VM (17.0.9+9-Ubuntu-122.04, mixed mode, sharing, tiered, compressed oops, compressed class ptrs, g1 gc, linux-amd64)
GC Precious Log:
 CPUs: 12 total, 12 available
 Memory: 15955M
 Large Page Support: Disabled
 NUMA Support: Disabled
 Compressed Oops: Enabled (Zero based)
 Heap Region Size: 2M
 Heap Min Capacity: 8M
 Heap Initial Capacity: 250M
 Heap Max Capacity: 3990M
 Pre-touch: Disabled
 Parallel Workers: 10
 Concurrent Workers: 3
 Concurrent Refinement Workers: 10
 Periodic GC: Disabled
Heap:
 garbage-first heap   total 75776K, used 22363K [0x0000000706a00000, 0x0000000800000000)
  region size 2048K, 5 young (10240K), 2 survivors (4096K)
 Metaspace       used 32405K, committed 32768K, reserved 1114112K
  class space    used 4547K, committed 4736K, reserved 1048576K
GC Heap History (12 events):
Event: 1.015 GC heap before
{Heap before GC invocations=0 (full 0):
 garbage-first heap   total 260096K, used 22448K [0x0000000706a00000, 0x0000000800000000)
  region size 2048K, 11 young (22528K), 0 survivors (0K)
 Metaspace       used 4652K, committed 4864K, reserved 1114112K
  class space    used 579K, committed 704K, reserved 1048576K
}
Event: 1.023 GC heap after
{Heap after GC invocations=1 (full 0):
 garbage-first heap   total 260096K, used 8270K [0x0000000706a00000, 0x0000000800000000)
  region size 2048K, 2 young (4096K), 2 survivors (4096K)
 Metaspace       used 4652K, committed 4864K, reserved 1114112K
  class space    used 579K, committed 704K, reserved 1048576K
}
Event: 1.978 GC heap before
{Heap before GC invocations=1 (full 0):
 garbage-first heap   total 260096K, used 32846K [0x0000000706a00000, 0x0000000800000000)
  region size 2048K, 14 young (28672K), 2 survivors (4096K)
 Metaspace       used 10452K, committed 10688K, reserved 1114112K
  class space    used 1335K, committed 1472K, reserved 1048576K
}
Event: 1.985 GC heap after
{Heap after GC invocations=2 (full 0):
 garbage-first heap   total 260096K, used 10254K [0x0000000706a00000, 0x0000000800000000)
  region size 2048K, 1 young (2048K), 1 survivors (2048K)
 Metaspace       used 10452K, committed 10688K, reserved 1114112K
  class space    used 1335K, committed 1472K, reserved 1048576K
}
Event: 2.974 GC heap before
{Heap before GC invocations=2 (full 0):
 garbage-first heap   total 260096K, used 69646K [0x0000000706a00000, 0x0000000800000000)
  region size 2048K, 31 young (63488K), 1 survivors (2048K)
 Metaspace       used 21300K, committed 21504K, reserved 1114112K
  class space    used 2815K, committed 2944K, reserved 1048576K
}
Event: 2.984 GC heap after
{Heap after GC invocations=3 (full 0):
 garbage-first heap   total 260096K, used 14597K [0x0000000706a00000, 0x0000000800000000)
  region size 2048K, 4 young (8192K), 4 survivors (8192K)
 Metaspace       used 21300K, committed 21504K, reserved 1114112K
  class space    used 2815K, committed 2944K, reserved 1048576K
}
Event: 3.756 GC heap before
{Heap before GC invocations=4 (full 0):
 garbage-first heap   total 75776K, used 51461K [0x0000000706a00000, 0x0000000800000000)
  region size 2048K, 22 young (45056K), 4 survivors (8192K)
 Metaspace       used 25627K, committed 25920K, reserved 1114112K
  class space    used 3411K, committed 3520K, reserved 1048576K
}
Event: 3.763 GC heap after
{Heap after GC invocations=5 (full 0):
 garbage-first heap   total 75776K, used 16252K [0x0000000706a00000, 0x0000000800000000)
  region size 2048K, 2 young (4096K), 2 survivors (4096K)
 Metaspace       used 25627K, committed 25920K, reserved 1114112K
  class space    used 3411K, committed 3520K, reserved 1048576K
}
Event: 3.811 GC heap before
{Heap before GC invocations=5 (full 0):
 garbage-first heap   total 75776K, used 18300K [0x0000000706a00000, 0x0000000800000000)
  region size 2048K, 3 young (6144K), 2 survivors (4096K)
 Metaspace       used 25935K, committed 26176K, reserved 1114112K
  class space    used 3453K, committed 3584K, reserved 1048576K
}
Event: 3.815 GC heap after
{Heap after GC invocations=6 (full 0):
 garbage-first heap   total 75776K, used 16752K [0x0000000706a00000, 0x0000000800000000)
  region size 2048K, 1 young (2048K), 1 survivors (2048K)
 Metaspace       used 25935K, committed 26176K, reserved 1114112K
  class space    used 3453K, committed 3584K, reserved 1048576K
}
Event: 4.617 GC heap before
{Heap before GC invocations=6 (full 0):
 garbage-first heap   total 75776K, used 49520K [0x0000000706a00000, 0x0000000800000000)
  region size 2048K, 17 young (34816K), 1 survivors (2048K)
 Metaspace       used 31436K, committed 31808K, reserved 1114112K
  class space    used 4364K, committed 4544K, reserved 1048576K
}
Event: 4.622 GC heap after
{Heap after GC invocations=7 (full 0):
 garbage-first heap   total 75776K, used 18267K [0x0000000706a00000, 0x0000000800000000)
  region size 2048K, 2 young (4096K), 2 survivors (4096K)
 Metaspace       used 31436K, committed 31808K, reserved 1114112K
  class space    used 4364K, committed 4544K, reserved 1048576K
}

